  [1m[35m (120.7ms)[0m  [1m[35mCREATE DATABASE "wogi_app_development" ENCODING = 'unicode'[0m
  [1m[35m (43.8ms)[0m  [1m[35mCREATE DATABASE "wogi_app_test" ENCODING = 'unicode'[0m
  [1m[35m (19.2ms)[0m  [1m[35mDROP DATABASE IF EXISTS "wogi_app_development"[0m
  [1m[35m (19.9ms)[0m  [1m[35mDROP DATABASE IF EXISTS "wogi_app_test"[0m
  [1m[35m (107.1ms)[0m  [1m[35mCREATE DATABASE "wogi_app_development" ENCODING = 'unicode'[0m
  [1m[35m (35.3ms)[0m  [1m[35mCREATE DATABASE "wogi_app_test" ENCODING = 'unicode'[0m
  [1m[35m (13.0ms)[0m  [1m[35mCREATE TABLE "schema_migrations" ("version" character varying NOT NULL PRIMARY KEY)[0m
  [1m[35m (0.6ms)[0m  [1m[35mCREATE TABLE "ar_internal_metadata" ("key" character varying NOT NULL PRIMARY KEY, "value" character varying, "created_at" timestamp(6) NOT NULL, "updated_at" timestamp(6) NOT NULL)[0m
  [1m[35m (0.0ms)[0m  [1m[34mSELECT pg_try_advisory_lock(745793581222496940)[0m
  [1m[36mActiveRecord::SchemaMigration Load (0.2ms)[0m  [1m[34mSELECT "schema_migrations"."version" FROM "schema_migrations" ORDER BY "schema_migrations"."version" ASC[0m
  [1m[36mActiveRecord::InternalMetadata Load (1.1ms)[0m  [1m[34mSELECT * FROM "ar_internal_metadata" WHERE "ar_internal_metadata"."key" = $1 ORDER BY "ar_internal_metadata"."key" ASC LIMIT 1[0m  [[nil, "environment"]]
  [1m[36mActiveRecord::InternalMetadata Create (0.5ms)[0m  [1m[32mINSERT INTO "ar_internal_metadata" ("key", "value", "created_at", "updated_at") VALUES ('environment', 'development', '2024-07-24 18:27:54.708179', '2024-07-24 18:27:54.708181') RETURNING "key"[0m
Migrating to UserInfo (20240724182343)
  [1m[35m (0.1ms)[0m  [1m[34mSELECT pg_advisory_unlock(745793581222496940)[0m
  [1m[35m (0.0ms)[0m  [1m[34mSELECT pg_try_advisory_lock(745793581222496940)[0m
  [1m[36mActiveRecord::SchemaMigration Load (0.3ms)[0m  [1m[34mSELECT "schema_migrations"."version" FROM "schema_migrations" ORDER BY "schema_migrations"."version" ASC[0m
  [1m[36mActiveRecord::InternalMetadata Load (0.4ms)[0m  [1m[34mSELECT * FROM "ar_internal_metadata" WHERE "ar_internal_metadata"."key" = $1 ORDER BY "ar_internal_metadata"."key" ASC LIMIT 1[0m  [[nil, "environment"]]
Migrating to UserInfo (20240724182343)
  [1m[36mTRANSACTION (0.0ms)[0m  [1m[35mBEGIN[0m
  [1m[35m (5.3ms)[0m  [1m[35mCREATE TABLE "user_info" ("id" bigserial primary key, "name" character varying NOT NULL, "email" character varying NOT NULL)[0m
  [1m[36mActiveRecord::SchemaMigration Create (0.3ms)[0m  [1m[32mINSERT INTO "schema_migrations" ("version") VALUES ('20240724182343') RETURNING "version"[0m
  [1m[36mTRANSACTION (0.2ms)[0m  [1m[35mCOMMIT[0m
  [1m[35m (0.1ms)[0m  [1m[34mSELECT pg_advisory_unlock(745793581222496940)[0m
  [1m[36mActiveRecord::SchemaMigration Load (0.0ms)[0m  [1m[34mSELECT "schema_migrations"."version" FROM "schema_migrations" ORDER BY "schema_migrations"."version" ASC[0m
  [1m[36mActiveRecord::SchemaMigration Load (0.2ms)[0m  [1m[34mSELECT "schema_migrations"."version" FROM "schema_migrations" ORDER BY "schema_migrations"."version" ASC[0m
  [1m[36mActiveRecord::InternalMetadata Load (0.2ms)[0m  [1m[34mSELECT * FROM "ar_internal_metadata" WHERE "ar_internal_metadata"."key" = $1 ORDER BY "ar_internal_metadata"."key" ASC LIMIT 1[0m  [[nil, "environment"]]
  [1m[36mActiveRecord::SchemaMigration Load (0.0ms)[0m  [1m[34mSELECT "schema_migrations"."version" FROM "schema_migrations" ORDER BY "schema_migrations"."version" ASC[0m
  [1m[36mActiveRecord::InternalMetadata Load (0.1ms)[0m  [1m[34mSELECT * FROM "ar_internal_metadata" WHERE "ar_internal_metadata"."key" = $1 ORDER BY "ar_internal_metadata"."key" ASC LIMIT 1[0m  [[nil, "environment"]]
  [1m[36mActiveRecord::SchemaMigration Load (0.0ms)[0m  [1m[34mSELECT "schema_migrations"."version" FROM "schema_migrations" ORDER BY "schema_migrations"."version" ASC[0m
  [1m[36mActiveRecord::InternalMetadata Load (0.1ms)[0m  [1m[34mSELECT * FROM "ar_internal_metadata" WHERE "ar_internal_metadata"."key" = $1 ORDER BY "ar_internal_metadata"."key" ASC LIMIT 1[0m  [[nil, "environment"]]
  [1m[35m (5053.2ms)[0m  [1m[35mDROP DATABASE IF EXISTS "wogi_app_development"[0m
  [1m[36mActiveRecord::SchemaMigration Load (0.2ms)[0m  [1m[34mSELECT "schema_migrations"."version" FROM "schema_migrations" ORDER BY "schema_migrations"."version" ASC[0m
  [1m[36mActiveRecord::InternalMetadata Load (0.2ms)[0m  [1m[34mSELECT * FROM "ar_internal_metadata" WHERE "ar_internal_metadata"."key" = $1 ORDER BY "ar_internal_metadata"."key" ASC LIMIT 1[0m  [[nil, "environment"]]
  [1m[36mActiveRecord::SchemaMigration Load (0.0ms)[0m  [1m[34mSELECT "schema_migrations"."version" FROM "schema_migrations" ORDER BY "schema_migrations"."version" ASC[0m
  [1m[36mActiveRecord::InternalMetadata Load (0.1ms)[0m  [1m[34mSELECT * FROM "ar_internal_metadata" WHERE "ar_internal_metadata"."key" = $1 ORDER BY "ar_internal_metadata"."key" ASC LIMIT 1[0m  [[nil, "environment"]]
  [1m[36mActiveRecord::SchemaMigration Load (0.0ms)[0m  [1m[34mSELECT "schema_migrations"."version" FROM "schema_migrations" ORDER BY "schema_migrations"."version" ASC[0m
  [1m[36mActiveRecord::InternalMetadata Load (0.1ms)[0m  [1m[34mSELECT * FROM "ar_internal_metadata" WHERE "ar_internal_metadata"."key" = $1 ORDER BY "ar_internal_metadata"."key" ASC LIMIT 1[0m  [[nil, "environment"]]
  [1m[35m (5054.9ms)[0m  [1m[35mDROP DATABASE IF EXISTS "wogi_app_development"[0m
  [1m[35m (0.0ms)[0m  [1m[34mSELECT pg_try_advisory_lock(745793581222496940)[0m
  [1m[36mActiveRecord::SchemaMigration Load (0.2ms)[0m  [1m[34mSELECT "schema_migrations"."version" FROM "schema_migrations" ORDER BY "schema_migrations"."version" ASC[0m
  [1m[36mActiveRecord::InternalMetadata Load (0.2ms)[0m  [1m[34mSELECT * FROM "ar_internal_metadata" WHERE "ar_internal_metadata"."key" = $1 ORDER BY "ar_internal_metadata"."key" ASC LIMIT 1[0m  [[nil, "environment"]]
  [1m[35m (0.0ms)[0m  [1m[34mSELECT pg_advisory_unlock(745793581222496940)[0m
  [1m[36mActiveRecord::SchemaMigration Load (0.0ms)[0m  [1m[34mSELECT "schema_migrations"."version" FROM "schema_migrations" ORDER BY "schema_migrations"."version" ASC[0m
  [1m[35m (93.8ms)[0m  [1m[35mCREATE DATABASE "wogi_app_development" ENCODING = 'unicode'[0m
  [1m[35m (29.3ms)[0m  [1m[35mCREATE DATABASE "wogi_app_test" ENCODING = 'unicode'[0m
  [1m[35m (11.0ms)[0m  [1m[35mCREATE TABLE "schema_migrations" ("version" character varying NOT NULL PRIMARY KEY)[0m
  [1m[35m (0.6ms)[0m  [1m[35mCREATE TABLE "ar_internal_metadata" ("key" character varying NOT NULL PRIMARY KEY, "value" character varying, "created_at" timestamp(6) NOT NULL, "updated_at" timestamp(6) NOT NULL)[0m
  [1m[35m (0.0ms)[0m  [1m[34mSELECT pg_try_advisory_lock(745793581222496940)[0m
  [1m[36mActiveRecord::SchemaMigration Load (0.1ms)[0m  [1m[34mSELECT "schema_migrations"."version" FROM "schema_migrations" ORDER BY "schema_migrations"."version" ASC[0m
  [1m[36mActiveRecord::InternalMetadata Load (1.0ms)[0m  [1m[34mSELECT * FROM "ar_internal_metadata" WHERE "ar_internal_metadata"."key" = $1 ORDER BY "ar_internal_metadata"."key" ASC LIMIT 1[0m  [[nil, "environment"]]
  [1m[36mActiveRecord::InternalMetadata Create (0.3ms)[0m  [1m[32mINSERT INTO "ar_internal_metadata" ("key", "value", "created_at", "updated_at") VALUES ('environment', 'development', '2024-07-24 18:33:15.629809', '2024-07-24 18:33:15.629810') RETURNING "key"[0m
Migrating to UserInfo (20240724182343)
  [1m[36mTRANSACTION (0.0ms)[0m  [1m[35mBEGIN[0m
  [1m[35m (8.9ms)[0m  [1m[35mCREATE TABLE "user_info" ("id" bigserial primary key, "name" character varying NOT NULL, "email" character varying NOT NULL, "user_id" uuid NOT NULL)[0m
  [1m[35m (0.5ms)[0m  [1m[35mCREATE UNIQUE INDEX "index_user_info_on_user_id" ON "user_info" ("user_id")[0m
  [1m[36mActiveRecord::SchemaMigration Create (0.1ms)[0m  [1m[32mINSERT INTO "schema_migrations" ("version") VALUES ('20240724182343') RETURNING "version"[0m
  [1m[36mTRANSACTION (0.1ms)[0m  [1m[35mCOMMIT[0m
  [1m[35m (0.1ms)[0m  [1m[34mSELECT pg_advisory_unlock(745793581222496940)[0m
  [1m[36mActiveRecord::SchemaMigration Load (0.0ms)[0m  [1m[34mSELECT "schema_migrations"."version" FROM "schema_migrations" ORDER BY "schema_migrations"."version" ASC[0m
  [1m[36mActiveRecord::SchemaMigration Load (0.2ms)[0m  [1m[34mSELECT "schema_migrations"."version" FROM "schema_migrations" ORDER BY "schema_migrations"."version" ASC[0m
  [1m[36mActiveRecord::InternalMetadata Load (0.2ms)[0m  [1m[34mSELECT * FROM "ar_internal_metadata" WHERE "ar_internal_metadata"."key" = $1 ORDER BY "ar_internal_metadata"."key" ASC LIMIT 1[0m  [[nil, "environment"]]
  [1m[36mActiveRecord::SchemaMigration Load (0.0ms)[0m  [1m[34mSELECT "schema_migrations"."version" FROM "schema_migrations" ORDER BY "schema_migrations"."version" ASC[0m
  [1m[36mActiveRecord::InternalMetadata Load (0.1ms)[0m  [1m[34mSELECT * FROM "ar_internal_metadata" WHERE "ar_internal_metadata"."key" = $1 ORDER BY "ar_internal_metadata"."key" ASC LIMIT 1[0m  [[nil, "environment"]]
  [1m[36mActiveRecord::SchemaMigration Load (0.0ms)[0m  [1m[34mSELECT "schema_migrations"."version" FROM "schema_migrations" ORDER BY "schema_migrations"."version" ASC[0m
  [1m[36mActiveRecord::InternalMetadata Load (0.1ms)[0m  [1m[34mSELECT * FROM "ar_internal_metadata" WHERE "ar_internal_metadata"."key" = $1 ORDER BY "ar_internal_metadata"."key" ASC LIMIT 1[0m  [[nil, "environment"]]
  [1m[35m (5052.4ms)[0m  [1m[35mDROP DATABASE IF EXISTS "wogi_app_development"[0m
  [1m[35m (106.6ms)[0m  [1m[35mCREATE DATABASE "wogi_app_development" ENCODING = 'unicode'[0m
  [1m[35m (39.6ms)[0m  [1m[35mCREATE DATABASE "wogi_app_test" ENCODING = 'unicode'[0m
  [1m[35m (1.5ms)[0m  [1m[35mCREATE TABLE "schema_migrations" ("version" character varying NOT NULL PRIMARY KEY)[0m
  [1m[35m (1.1ms)[0m  [1m[35mCREATE TABLE "ar_internal_metadata" ("key" character varying NOT NULL PRIMARY KEY, "value" character varying, "created_at" timestamp(6) NOT NULL, "updated_at" timestamp(6) NOT NULL)[0m
  [1m[35m (0.0ms)[0m  [1m[34mSELECT pg_try_advisory_lock(745793581222496940)[0m
  [1m[36mActiveRecord::SchemaMigration Load (0.1ms)[0m  [1m[34mSELECT "schema_migrations"."version" FROM "schema_migrations" ORDER BY "schema_migrations"."version" ASC[0m
  [1m[36mActiveRecord::InternalMetadata Load (0.2ms)[0m  [1m[34mSELECT * FROM "ar_internal_metadata" WHERE "ar_internal_metadata"."key" = $1 ORDER BY "ar_internal_metadata"."key" ASC LIMIT 1[0m  [[nil, "environment"]]
  [1m[36mActiveRecord::InternalMetadata Create (0.1ms)[0m  [1m[32mINSERT INTO "ar_internal_metadata" ("key", "value", "created_at", "updated_at") VALUES ('environment', 'development', '2024-07-24 18:35:23.232668', '2024-07-24 18:35:23.232669') RETURNING "key"[0m
Migrating to UserInfo (20240724182343)
  [1m[35m (0.0ms)[0m  [1m[34mSELECT pg_advisory_unlock(745793581222496940)[0m
  [1m[35m (0.0ms)[0m  [1m[34mSELECT pg_try_advisory_lock(745793581222496940)[0m
  [1m[36mActiveRecord::SchemaMigration Load (0.2ms)[0m  [1m[34mSELECT "schema_migrations"."version" FROM "schema_migrations" ORDER BY "schema_migrations"."version" ASC[0m
  [1m[36mActiveRecord::InternalMetadata Load (0.2ms)[0m  [1m[34mSELECT * FROM "ar_internal_metadata" WHERE "ar_internal_metadata"."key" = $1 ORDER BY "ar_internal_metadata"."key" ASC LIMIT 1[0m  [[nil, "environment"]]
Migrating to UserInfo (20240724182343)
  [1m[35m (0.0ms)[0m  [1m[34mSELECT pg_advisory_unlock(745793581222496940)[0m
  [1m[35m (0.1ms)[0m  [1m[34mSELECT pg_try_advisory_lock(745793581222496940)[0m
  [1m[36mActiveRecord::SchemaMigration Load (0.4ms)[0m  [1m[34mSELECT "schema_migrations"."version" FROM "schema_migrations" ORDER BY "schema_migrations"."version" ASC[0m
  [1m[36mActiveRecord::InternalMetadata Load (0.8ms)[0m  [1m[34mSELECT * FROM "ar_internal_metadata" WHERE "ar_internal_metadata"."key" = $1 ORDER BY "ar_internal_metadata"."key" ASC LIMIT 1[0m  [[nil, "environment"]]
Migrating to UserInfo (20240724182343)
  [1m[36mTRANSACTION (0.0ms)[0m  [1m[35mBEGIN[0m
  [1m[35m (4.4ms)[0m  [1m[35mCREATE TABLE "user_info" ("name" character varying NOT NULL, "email" character varying NOT NULL, "user_id" uuid NOT NULL PRIMARY KEY)[0m
  [1m[35m (1.7ms)[0m  [1m[35mCREATE UNIQUE INDEX "index_user_info_on_user_id" ON "user_info" ("user_id")[0m
  [1m[36mActiveRecord::SchemaMigration Create (0.3ms)[0m  [1m[32mINSERT INTO "schema_migrations" ("version") VALUES ('20240724182343') RETURNING "version"[0m
  [1m[36mTRANSACTION (0.3ms)[0m  [1m[35mCOMMIT[0m
  [1m[35m (0.1ms)[0m  [1m[34mSELECT pg_advisory_unlock(745793581222496940)[0m
  [1m[36mActiveRecord::SchemaMigration Load (0.0ms)[0m  [1m[34mSELECT "schema_migrations"."version" FROM "schema_migrations" ORDER BY "schema_migrations"."version" ASC[0m
  [1m[35m (91.6ms)[0m  [1m[35mCREATE DATABASE "wogi_app_development" ENCODING = 'unicode'[0m
  [1m[35m (27.8ms)[0m  [1m[35mCREATE DATABASE "wogi_app_test" ENCODING = 'unicode'[0m
  [1m[35m (1.5ms)[0m  [1m[35mCREATE TABLE "schema_migrations" ("version" character varying NOT NULL PRIMARY KEY)[0m
  [1m[35m (0.7ms)[0m  [1m[35mCREATE TABLE "ar_internal_metadata" ("key" character varying NOT NULL PRIMARY KEY, "value" character varying, "created_at" timestamp(6) NOT NULL, "updated_at" timestamp(6) NOT NULL)[0m
  [1m[35m (0.0ms)[0m  [1m[34mSELECT pg_try_advisory_lock(745793581222496940)[0m
  [1m[36mActiveRecord::SchemaMigration Load (0.1ms)[0m  [1m[34mSELECT "schema_migrations"."version" FROM "schema_migrations" ORDER BY "schema_migrations"."version" ASC[0m
  [1m[36mActiveRecord::InternalMetadata Load (0.2ms)[0m  [1m[34mSELECT * FROM "ar_internal_metadata" WHERE "ar_internal_metadata"."key" = $1 ORDER BY "ar_internal_metadata"."key" ASC LIMIT 1[0m  [[nil, "environment"]]
  [1m[36mActiveRecord::InternalMetadata Create (0.1ms)[0m  [1m[32mINSERT INTO "ar_internal_metadata" ("key", "value", "created_at", "updated_at") VALUES ('environment', 'development', '2024-07-24 18:39:16.105473', '2024-07-24 18:39:16.105474') RETURNING "key"[0m
Migrating to UserInfo (20240724182343)
  [1m[35m (0.1ms)[0m  [1m[34mSELECT pg_advisory_unlock(745793581222496940)[0m
  [1m[35m (0.0ms)[0m  [1m[34mSELECT pg_try_advisory_lock(745793581222496940)[0m
  [1m[36mActiveRecord::SchemaMigration Load (0.2ms)[0m  [1m[34mSELECT "schema_migrations"."version" FROM "schema_migrations" ORDER BY "schema_migrations"."version" ASC[0m
  [1m[36mActiveRecord::InternalMetadata Load (0.2ms)[0m  [1m[34mSELECT * FROM "ar_internal_metadata" WHERE "ar_internal_metadata"."key" = $1 ORDER BY "ar_internal_metadata"."key" ASC LIMIT 1[0m  [[nil, "environment"]]
Migrating to UserInfo (20240724182343)
  [1m[35m (0.1ms)[0m  [1m[34mSELECT pg_advisory_unlock(745793581222496940)[0m
  [1m[35m (0.0ms)[0m  [1m[34mSELECT pg_try_advisory_lock(745793581222496940)[0m
  [1m[36mActiveRecord::SchemaMigration Load (0.2ms)[0m  [1m[34mSELECT "schema_migrations"."version" FROM "schema_migrations" ORDER BY "schema_migrations"."version" ASC[0m
  [1m[36mActiveRecord::InternalMetadata Load (0.2ms)[0m  [1m[34mSELECT * FROM "ar_internal_metadata" WHERE "ar_internal_metadata"."key" = $1 ORDER BY "ar_internal_metadata"."key" ASC LIMIT 1[0m  [[nil, "environment"]]
Migrating to UserInfo (20240724182343)
  [1m[36mTRANSACTION (0.0ms)[0m  [1m[35mBEGIN[0m
  [1m[35m (1.5ms)[0m  [1m[35mCREATE TABLE "user_info" ("name" character varying NOT NULL, "email" character varying NOT NULL, "user_id" uuid NOT NULL PRIMARY KEY)[0m
  [1m[35m (0.5ms)[0m  [1m[35mCREATE UNIQUE INDEX "index_user_info_on_email" ON "user_info" ("email")[0m
  [1m[35m (0.2ms)[0m  [1m[35mCREATE UNIQUE INDEX "index_user_info_on_user_id" ON "user_info" ("user_id")[0m
  [1m[36mActiveRecord::SchemaMigration Create (0.3ms)[0m  [1m[32mINSERT INTO "schema_migrations" ("version") VALUES ('20240724182343') RETURNING "version"[0m
  [1m[36mTRANSACTION (0.3ms)[0m  [1m[35mCOMMIT[0m
  [1m[35m (0.1ms)[0m  [1m[34mSELECT pg_advisory_unlock(745793581222496940)[0m
  [1m[36mActiveRecord::SchemaMigration Load (0.1ms)[0m  [1m[34mSELECT "schema_migrations"."version" FROM "schema_migrations" ORDER BY "schema_migrations"."version" ASC[0m
  [1m[35m (104.4ms)[0m  [1m[35mCREATE DATABASE "wogi_app_development" ENCODING = 'unicode'[0m
  [1m[35m (37.3ms)[0m  [1m[35mCREATE DATABASE "wogi_app_test" ENCODING = 'unicode'[0m
  [1m[35m (3.0ms)[0m  [1m[35mCREATE TABLE "schema_migrations" ("version" character varying NOT NULL PRIMARY KEY)[0m
  [1m[35m (0.7ms)[0m  [1m[35mCREATE TABLE "ar_internal_metadata" ("key" character varying NOT NULL PRIMARY KEY, "value" character varying, "created_at" timestamp(6) NOT NULL, "updated_at" timestamp(6) NOT NULL)[0m
  [1m[35m (0.1ms)[0m  [1m[34mSELECT pg_try_advisory_lock(745793581222496940)[0m
  [1m[36mActiveRecord::SchemaMigration Load (0.1ms)[0m  [1m[34mSELECT "schema_migrations"."version" FROM "schema_migrations" ORDER BY "schema_migrations"."version" ASC[0m
  [1m[36mActiveRecord::InternalMetadata Load (0.4ms)[0m  [1m[34mSELECT * FROM "ar_internal_metadata" WHERE "ar_internal_metadata"."key" = $1 ORDER BY "ar_internal_metadata"."key" ASC LIMIT 1[0m  [[nil, "environment"]]
  [1m[36mActiveRecord::InternalMetadata Create (0.4ms)[0m  [1m[32mINSERT INTO "ar_internal_metadata" ("key", "value", "created_at", "updated_at") VALUES ('environment', 'development', '2024-07-24 19:13:29.265860', '2024-07-24 19:13:29.265861') RETURNING "key"[0m
Migrating to UserInfo (20240724182343)
  [1m[36mTRANSACTION (0.0ms)[0m  [1m[35mBEGIN[0m
  [1m[35m (7.0ms)[0m  [1m[35mCREATE TABLE "user_info" ("name" character varying NOT NULL, "email" character varying NOT NULL, "user_id" uuid NOT NULL PRIMARY KEY)[0m
  [1m[35m (0.4ms)[0m  [1m[35mCREATE INDEX "index_user_info_on_user_id" ON "user_info" USING hash ("user_id")[0m
  [1m[35m (0.2ms)[0m  [1m[35mCREATE INDEX "index_user_info_on_email" ON "user_info" USING hash ("email")[0m
  [1m[36mActiveRecord::SchemaMigration Create (0.1ms)[0m  [1m[32mINSERT INTO "schema_migrations" ("version") VALUES ('20240724182343') RETURNING "version"[0m
  [1m[36mTRANSACTION (0.1ms)[0m  [1m[35mCOMMIT[0m
Migrating to BrandInfo (20240724184120)
  [1m[36mTRANSACTION (0.0ms)[0m  [1m[35mBEGIN[0m
  [1m[35m (1.1ms)[0m  [1m[35mCREATE TABLE "brand_info" ("name" character varying NOT NULL, "state" character varying NOT NULL, "brand_id" uuid NOT NULL PRIMARY KEY)[0m
  [1m[35m (0.5ms)[0m  [1m[35mCREATE INDEX "index_brand_info_on_brand_id" ON "brand_info" USING hash ("brand_id")[0m
  [1m[36mActiveRecord::SchemaMigration Create (0.0ms)[0m  [1m[32mINSERT INTO "schema_migrations" ("version") VALUES ('20240724184120') RETURNING "version"[0m
  [1m[36mTRANSACTION (0.1ms)[0m  [1m[35mCOMMIT[0m
Migrating to ProductInfo (20240724184522)
  [1m[36mTRANSACTION (0.0ms)[0m  [1m[35mBEGIN[0m
  [1m[35m (0.8ms)[0m  [1m[35mCREATE TABLE "product_info" ("name" character varying NOT NULL, "state" character varying NOT NULL, "product_id" uuid NOT NULL PRIMARY KEY)[0m
  [1m[35m (0.2ms)[0m  [1m[35mCREATE INDEX "index_product_info_on_product_id" ON "product_info" USING hash ("product_id")[0m
  [1m[36mActiveRecord::SchemaMigration Create (0.0ms)[0m  [1m[32mINSERT INTO "schema_migrations" ("version") VALUES ('20240724184522') RETURNING "version"[0m
  [1m[36mTRANSACTION (0.1ms)[0m  [1m[35mCOMMIT[0m
Migrating to BrandProductOwnership (20240724184646)
  [1m[35m (0.0ms)[0m  [1m[34mSELECT pg_advisory_unlock(745793581222496940)[0m
  [1m[35m (89.5ms)[0m  [1m[35mCREATE DATABASE "wogi_app_development" ENCODING = 'unicode'[0m
  [1m[35m (30.1ms)[0m  [1m[35mCREATE DATABASE "wogi_app_test" ENCODING = 'unicode'[0m
  [1m[35m (1.8ms)[0m  [1m[35mCREATE TABLE "schema_migrations" ("version" character varying NOT NULL PRIMARY KEY)[0m
  [1m[35m (0.8ms)[0m  [1m[35mCREATE TABLE "ar_internal_metadata" ("key" character varying NOT NULL PRIMARY KEY, "value" character varying, "created_at" timestamp(6) NOT NULL, "updated_at" timestamp(6) NOT NULL)[0m
  [1m[35m (0.0ms)[0m  [1m[34mSELECT pg_try_advisory_lock(745793581222496940)[0m
  [1m[36mActiveRecord::SchemaMigration Load (0.1ms)[0m  [1m[34mSELECT "schema_migrations"."version" FROM "schema_migrations" ORDER BY "schema_migrations"."version" ASC[0m
  [1m[36mActiveRecord::InternalMetadata Load (0.2ms)[0m  [1m[34mSELECT * FROM "ar_internal_metadata" WHERE "ar_internal_metadata"."key" = $1 ORDER BY "ar_internal_metadata"."key" ASC LIMIT 1[0m  [[nil, "environment"]]
  [1m[36mActiveRecord::InternalMetadata Create (0.1ms)[0m  [1m[32mINSERT INTO "ar_internal_metadata" ("key", "value", "created_at", "updated_at") VALUES ('environment', 'development', '2024-07-24 19:14:42.458364', '2024-07-24 19:14:42.458365') RETURNING "key"[0m
Migrating to UserInfo (20240724182343)
  [1m[36mTRANSACTION (0.0ms)[0m  [1m[35mBEGIN[0m
  [1m[35m (1.0ms)[0m  [1m[35mCREATE TABLE "user_info" ("name" character varying NOT NULL, "email" character varying NOT NULL, "user_id" uuid NOT NULL PRIMARY KEY)[0m
  [1m[35m (0.3ms)[0m  [1m[35mCREATE INDEX "index_user_info_on_user_id" ON "user_info" USING hash ("user_id")[0m
  [1m[35m (0.3ms)[0m  [1m[35mCREATE INDEX "index_user_info_on_email" ON "user_info" USING hash ("email")[0m
  [1m[36mActiveRecord::SchemaMigration Create (0.1ms)[0m  [1m[32mINSERT INTO "schema_migrations" ("version") VALUES ('20240724182343') RETURNING "version"[0m
  [1m[36mTRANSACTION (0.1ms)[0m  [1m[35mCOMMIT[0m
Migrating to BrandInfo (20240724184120)
  [1m[36mTRANSACTION (0.0ms)[0m  [1m[35mBEGIN[0m
  [1m[35m (1.0ms)[0m  [1m[35mCREATE TABLE "brand_info" ("name" character varying NOT NULL, "state" character varying NOT NULL, "brand_id" uuid NOT NULL PRIMARY KEY)[0m
  [1m[35m (0.2ms)[0m  [1m[35mCREATE INDEX "index_brand_info_on_brand_id" ON "brand_info" USING hash ("brand_id")[0m
  [1m[36mActiveRecord::SchemaMigration Create (0.0ms)[0m  [1m[32mINSERT INTO "schema_migrations" ("version") VALUES ('20240724184120') RETURNING "version"[0m
  [1m[36mTRANSACTION (0.1ms)[0m  [1m[35mCOMMIT[0m
Migrating to ProductInfo (20240724184522)
  [1m[36mTRANSACTION (0.0ms)[0m  [1m[35mBEGIN[0m
  [1m[35m (0.8ms)[0m  [1m[35mCREATE TABLE "product_info" ("name" character varying NOT NULL, "state" character varying NOT NULL, "product_id" uuid NOT NULL PRIMARY KEY)[0m
  [1m[35m (0.2ms)[0m  [1m[35mCREATE INDEX "index_product_info_on_product_id" ON "product_info" USING hash ("product_id")[0m
  [1m[36mActiveRecord::SchemaMigration Create (0.0ms)[0m  [1m[32mINSERT INTO "schema_migrations" ("version") VALUES ('20240724184522') RETURNING "version"[0m
  [1m[36mTRANSACTION (0.1ms)[0m  [1m[35mCOMMIT[0m
Migrating to BrandProductOwnership (20240724184646)
  [1m[35m (0.0ms)[0m  [1m[34mSELECT pg_advisory_unlock(745793581222496940)[0m
  [1m[35m (88.9ms)[0m  [1m[35mCREATE DATABASE "wogi_app_development" ENCODING = 'unicode'[0m
  [1m[35m (29.0ms)[0m  [1m[35mCREATE DATABASE "wogi_app_test" ENCODING = 'unicode'[0m
  [1m[35m (1.6ms)[0m  [1m[35mCREATE TABLE "schema_migrations" ("version" character varying NOT NULL PRIMARY KEY)[0m
  [1m[35m (0.6ms)[0m  [1m[35mCREATE TABLE "ar_internal_metadata" ("key" character varying NOT NULL PRIMARY KEY, "value" character varying, "created_at" timestamp(6) NOT NULL, "updated_at" timestamp(6) NOT NULL)[0m
  [1m[35m (0.0ms)[0m  [1m[34mSELECT pg_try_advisory_lock(745793581222496940)[0m
  [1m[36mActiveRecord::SchemaMigration Load (0.1ms)[0m  [1m[34mSELECT "schema_migrations"."version" FROM "schema_migrations" ORDER BY "schema_migrations"."version" ASC[0m
  [1m[36mActiveRecord::InternalMetadata Load (0.2ms)[0m  [1m[34mSELECT * FROM "ar_internal_metadata" WHERE "ar_internal_metadata"."key" = $1 ORDER BY "ar_internal_metadata"."key" ASC LIMIT 1[0m  [[nil, "environment"]]
  [1m[36mActiveRecord::InternalMetadata Create (0.1ms)[0m  [1m[32mINSERT INTO "ar_internal_metadata" ("key", "value", "created_at", "updated_at") VALUES ('environment', 'development', '2024-07-24 19:15:14.491457', '2024-07-24 19:15:14.491459') RETURNING "key"[0m
Migrating to UserInfo (20240724182343)
  [1m[36mTRANSACTION (0.0ms)[0m  [1m[35mBEGIN[0m
  [1m[35m (1.2ms)[0m  [1m[35mCREATE TABLE "user_info" ("name" character varying NOT NULL, "email" character varying NOT NULL, "user_id" uuid NOT NULL PRIMARY KEY)[0m
  [1m[35m (0.3ms)[0m  [1m[35mCREATE INDEX "index_user_info_on_user_id" ON "user_info" USING hash ("user_id")[0m
  [1m[35m (0.2ms)[0m  [1m[35mCREATE INDEX "index_user_info_on_email" ON "user_info" USING hash ("email")[0m
  [1m[36mActiveRecord::SchemaMigration Create (0.1ms)[0m  [1m[32mINSERT INTO "schema_migrations" ("version") VALUES ('20240724182343') RETURNING "version"[0m
  [1m[36mTRANSACTION (0.1ms)[0m  [1m[35mCOMMIT[0m
Migrating to BrandInfo (20240724184120)
  [1m[36mTRANSACTION (0.0ms)[0m  [1m[35mBEGIN[0m
  [1m[35m (1.1ms)[0m  [1m[35mCREATE TABLE "brand_info" ("name" character varying NOT NULL, "state" character varying NOT NULL, "brand_id" uuid NOT NULL PRIMARY KEY)[0m
  [1m[35m (0.2ms)[0m  [1m[35mCREATE INDEX "index_brand_info_on_brand_id" ON "brand_info" USING hash ("brand_id")[0m
  [1m[36mActiveRecord::SchemaMigration Create (0.0ms)[0m  [1m[32mINSERT INTO "schema_migrations" ("version") VALUES ('20240724184120') RETURNING "version"[0m
  [1m[36mTRANSACTION (0.1ms)[0m  [1m[35mCOMMIT[0m
Migrating to ProductInfo (20240724184522)
  [1m[36mTRANSACTION (0.0ms)[0m  [1m[35mBEGIN[0m
  [1m[35m (0.8ms)[0m  [1m[35mCREATE TABLE "product_info" ("name" character varying NOT NULL, "state" character varying NOT NULL, "product_id" uuid NOT NULL PRIMARY KEY)[0m
  [1m[35m (0.2ms)[0m  [1m[35mCREATE INDEX "index_product_info_on_product_id" ON "product_info" USING hash ("product_id")[0m
  [1m[36mActiveRecord::SchemaMigration Create (0.0ms)[0m  [1m[32mINSERT INTO "schema_migrations" ("version") VALUES ('20240724184522') RETURNING "version"[0m
  [1m[36mTRANSACTION (0.0ms)[0m  [1m[35mCOMMIT[0m
Migrating to BrandProductOwnership (20240724184646)
  [1m[36mTRANSACTION (0.0ms)[0m  [1m[35mBEGIN[0m
  [1m[35m (0.8ms)[0m  [1m[35mCREATE TABLE "brand_product_ownership" ("brand_id" uuid NOT NULL, "product_id" uuid NOT NULL, "ownership_id" uuid NOT NULL PRIMARY KEY)[0m
  [1m[36mTRANSACTION (0.5ms)[0m  [1m[31mROLLBACK[0m
  [1m[35m (0.1ms)[0m  [1m[34mSELECT pg_advisory_unlock(745793581222496940)[0m
  [1m[35m (0.0ms)[0m  [1m[34mSELECT pg_try_advisory_lock(745793581222496940)[0m
  [1m[36mActiveRecord::SchemaMigration Load (0.4ms)[0m  [1m[34mSELECT "schema_migrations"."version" FROM "schema_migrations" ORDER BY "schema_migrations"."version" ASC[0m
  [1m[36mActiveRecord::InternalMetadata Load (0.2ms)[0m  [1m[34mSELECT * FROM "ar_internal_metadata" WHERE "ar_internal_metadata"."key" = $1 ORDER BY "ar_internal_metadata"."key" ASC LIMIT 1[0m  [[nil, "environment"]]
Migrating to BrandProductOwnership (20240724184646)
  [1m[36mTRANSACTION (0.0ms)[0m  [1m[35mBEGIN[0m
  [1m[35m (1.2ms)[0m  [1m[35mCREATE TABLE "brand_product_ownership" ("brand_id" uuid NOT NULL, "product_id" uuid NOT NULL, "ownership_id" uuid NOT NULL PRIMARY KEY)[0m
  [1m[36mTRANSACTION (0.4ms)[0m  [1m[31mROLLBACK[0m
  [1m[35m (0.1ms)[0m  [1m[34mSELECT pg_advisory_unlock(745793581222496940)[0m
  [1m[35m (0.0ms)[0m  [1m[34mSELECT pg_try_advisory_lock(745793581222496940)[0m
  [1m[36mActiveRecord::SchemaMigration Load (0.4ms)[0m  [1m[34mSELECT "schema_migrations"."version" FROM "schema_migrations" ORDER BY "schema_migrations"."version" ASC[0m
  [1m[36mActiveRecord::InternalMetadata Load (0.2ms)[0m  [1m[34mSELECT * FROM "ar_internal_metadata" WHERE "ar_internal_metadata"."key" = $1 ORDER BY "ar_internal_metadata"."key" ASC LIMIT 1[0m  [[nil, "environment"]]
Migrating to BrandProductOwnership (20240724184646)
  [1m[36mTRANSACTION (0.0ms)[0m  [1m[35mBEGIN[0m
  [1m[35m (1.1ms)[0m  [1m[35mCREATE TABLE "brand_product_ownership" ("brand_id" uuid NOT NULL, "product_id" uuid NOT NULL, "ownership_id" uuid NOT NULL PRIMARY KEY)[0m
  [1m[36mTRANSACTION (0.9ms)[0m  [1m[31mROLLBACK[0m
  [1m[35m (0.1ms)[0m  [1m[34mSELECT pg_advisory_unlock(745793581222496940)[0m
  [1m[35m (0.0ms)[0m  [1m[34mSELECT pg_try_advisory_lock(745793581222496940)[0m
  [1m[36mActiveRecord::SchemaMigration Load (0.2ms)[0m  [1m[34mSELECT "schema_migrations"."version" FROM "schema_migrations" ORDER BY "schema_migrations"."version" ASC[0m
  [1m[36mActiveRecord::InternalMetadata Load (0.2ms)[0m  [1m[34mSELECT * FROM "ar_internal_metadata" WHERE "ar_internal_metadata"."key" = $1 ORDER BY "ar_internal_metadata"."key" ASC LIMIT 1[0m  [[nil, "environment"]]
Migrating to BrandProductOwnership (20240724184646)
  [1m[36mTRANSACTION (0.0ms)[0m  [1m[35mBEGIN[0m
  [1m[35m (1.1ms)[0m  [1m[35mCREATE TABLE "brand_product_ownership" ("brand_id" uuid NOT NULL, "product_id" uuid NOT NULL, "ownership_id" uuid NOT NULL PRIMARY KEY)[0m
  [1m[36mTRANSACTION (0.3ms)[0m  [1m[31mROLLBACK[0m
  [1m[35m (0.1ms)[0m  [1m[34mSELECT pg_advisory_unlock(745793581222496940)[0m
  [1m[35m (0.0ms)[0m  [1m[34mSELECT pg_try_advisory_lock(745793581222496940)[0m
  [1m[36mActiveRecord::SchemaMigration Load (0.3ms)[0m  [1m[34mSELECT "schema_migrations"."version" FROM "schema_migrations" ORDER BY "schema_migrations"."version" ASC[0m
  [1m[36mActiveRecord::InternalMetadata Load (0.3ms)[0m  [1m[34mSELECT * FROM "ar_internal_metadata" WHERE "ar_internal_metadata"."key" = $1 ORDER BY "ar_internal_metadata"."key" ASC LIMIT 1[0m  [[nil, "environment"]]
Migrating to BrandProductOwnership (20240724184646)
  [1m[36mTRANSACTION (0.0ms)[0m  [1m[35mBEGIN[0m
  [1m[35m (1.4ms)[0m  [1m[35mCREATE TABLE "brand_product_ownership" ("brand_id" uuid, "product_id" uuid NOT NULL, "ownership_id" uuid NOT NULL PRIMARY KEY)[0m
  [1m[36mTRANSACTION (0.3ms)[0m  [1m[31mROLLBACK[0m
  [1m[35m (0.1ms)[0m  [1m[34mSELECT pg_advisory_unlock(745793581222496940)[0m
  [1m[35m (0.1ms)[0m  [1m[34mSELECT pg_try_advisory_lock(745793581222496940)[0m
  [1m[36mActiveRecord::SchemaMigration Load (0.4ms)[0m  [1m[34mSELECT "schema_migrations"."version" FROM "schema_migrations" ORDER BY "schema_migrations"."version" ASC[0m
  [1m[36mActiveRecord::InternalMetadata Load (0.2ms)[0m  [1m[34mSELECT * FROM "ar_internal_metadata" WHERE "ar_internal_metadata"."key" = $1 ORDER BY "ar_internal_metadata"."key" ASC LIMIT 1[0m  [[nil, "environment"]]
Migrating to BrandProductOwnership (20240724184646)
  [1m[36mTRANSACTION (0.0ms)[0m  [1m[35mBEGIN[0m
  [1m[35m (2.1ms)[0m  [1m[35mCREATE TABLE "brand_product_ownership" ("brand_id" uuid NOT NULL, "product_id" uuid NOT NULL, "ownership_id" uuid NOT NULL PRIMARY KEY)[0m
  [1m[35m (3.9ms)[0m  [1m[35mALTER TABLE "brand_product_ownership" ADD CONSTRAINT "fk_rails_6c2a8ba87a"
FOREIGN KEY ("brand_id")
  REFERENCES "brand_info" ("brand_id")
[0m
  [1m[35m (0.6ms)[0m  [1m[35mALTER TABLE "brand_product_ownership" ADD CONSTRAINT "fk_rails_b8901de7cd"
FOREIGN KEY ("product_id")
  REFERENCES "product_info" ("product_id")
[0m
  [1m[35m (0.3ms)[0m  [1m[35mCREATE INDEX "index_brand_product_ownership_on_ownership_id" ON "brand_product_ownership" USING hash ("ownership_id")[0m
  [1m[36mActiveRecord::SchemaMigration Create (0.1ms)[0m  [1m[32mINSERT INTO "schema_migrations" ("version") VALUES ('20240724184646') RETURNING "version"[0m
  [1m[36mTRANSACTION (0.4ms)[0m  [1m[35mCOMMIT[0m
Migrating to ClientProducts (20240724190727)
  [1m[36mTRANSACTION (0.0ms)[0m  [1m[35mBEGIN[0m
  [1m[35m (1.3ms)[0m  [1m[35mCREATE TABLE "client_products" ("client_id" uuid NOT NULL, "brand_product_id" uuid NOT NULL, "state" character varying NOT NULL, "payout_rate" decimal NOT NULL, "ownership_id" uuid NOT NULL PRIMARY KEY)[0m
  [1m[36mTRANSACTION (0.4ms)[0m  [1m[31mROLLBACK[0m
  [1m[35m (0.1ms)[0m  [1m[34mSELECT pg_advisory_unlock(745793581222496940)[0m
  [1m[35m (0.0ms)[0m  [1m[34mSELECT pg_try_advisory_lock(745793581222496940)[0m
  [1m[36mActiveRecord::SchemaMigration Load (0.2ms)[0m  [1m[34mSELECT "schema_migrations"."version" FROM "schema_migrations" ORDER BY "schema_migrations"."version" ASC[0m
  [1m[36mActiveRecord::InternalMetadata Load (0.2ms)[0m  [1m[34mSELECT * FROM "ar_internal_metadata" WHERE "ar_internal_metadata"."key" = $1 ORDER BY "ar_internal_metadata"."key" ASC LIMIT 1[0m  [[nil, "environment"]]
Migrating to ClientProducts (20240724190727)
  [1m[36mTRANSACTION (0.0ms)[0m  [1m[35mBEGIN[0m
  [1m[35m (1.0ms)[0m  [1m[35mCREATE TABLE "client_products" ("client_id" uuid NOT NULL, "brand_product_id" uuid NOT NULL, "state" character varying NOT NULL, "payout_rate" decimal NOT NULL, "ownership_id" uuid NOT NULL PRIMARY KEY)[0m
  [1m[35m (0.5ms)[0m  [1m[35mALTER TABLE "client_products" ADD CONSTRAINT "fk_rails_a1ac32cba3"
FOREIGN KEY ("brand_product_id")
  REFERENCES "brand_product_ownership" ("ownership_id")
[0m
  [1m[35m (0.8ms)[0m  [1m[35mALTER TABLE "client_products" ADD CONSTRAINT "fk_rails_167dcb595a"
FOREIGN KEY ("client_id")
  REFERENCES "user_info" ("client_id")
[0m
  [1m[36mTRANSACTION (0.0ms)[0m  [1m[31mROLLBACK[0m
  [1m[35m (0.1ms)[0m  [1m[34mSELECT pg_advisory_unlock(745793581222496940)[0m
  [1m[35m (0.6ms)[0m  [1m[34mSELECT pg_try_advisory_lock(745793581222496940)[0m
  [1m[36mActiveRecord::SchemaMigration Load (0.4ms)[0m  [1m[34mSELECT "schema_migrations"."version" FROM "schema_migrations" ORDER BY "schema_migrations"."version" ASC[0m
  [1m[36mActiveRecord::InternalMetadata Load (0.2ms)[0m  [1m[34mSELECT * FROM "ar_internal_metadata" WHERE "ar_internal_metadata"."key" = $1 ORDER BY "ar_internal_metadata"."key" ASC LIMIT 1[0m  [[nil, "environment"]]
Migrating to ClientProducts (20240724190727)
  [1m[36mTRANSACTION (0.0ms)[0m  [1m[35mBEGIN[0m
  [1m[35m (1.9ms)[0m  [1m[35mCREATE TABLE "client_products" ("client_id" uuid NOT NULL, "brand_product_id" uuid NOT NULL, "state" character varying NOT NULL, "payout_rate" decimal NOT NULL, "ownership_id" uuid NOT NULL PRIMARY KEY)[0m
  [1m[35m (0.6ms)[0m  [1m[35mALTER TABLE "client_products" ADD CONSTRAINT "fk_rails_a1ac32cba3"
FOREIGN KEY ("brand_product_id")
  REFERENCES "brand_product_ownership" ("ownership_id")
[0m
  [1m[35m (0.7ms)[0m  [1m[35mALTER TABLE "client_products" ADD CONSTRAINT "fk_rails_167dcb595a"
FOREIGN KEY ("client_id")
  REFERENCES "user_info" ("client_id")
[0m
  [1m[36mTRANSACTION (0.0ms)[0m  [1m[31mROLLBACK[0m
  [1m[35m (0.0ms)[0m  [1m[34mSELECT pg_advisory_unlock(745793581222496940)[0m
  [1m[35m (0.0ms)[0m  [1m[34mSELECT pg_try_advisory_lock(745793581222496940)[0m
  [1m[36mActiveRecord::SchemaMigration Load (0.2ms)[0m  [1m[34mSELECT "schema_migrations"."version" FROM "schema_migrations" ORDER BY "schema_migrations"."version" ASC[0m
  [1m[36mActiveRecord::InternalMetadata Load (0.2ms)[0m  [1m[34mSELECT * FROM "ar_internal_metadata" WHERE "ar_internal_metadata"."key" = $1 ORDER BY "ar_internal_metadata"."key" ASC LIMIT 1[0m  [[nil, "environment"]]
Migrating to ClientProducts (20240724190727)
  [1m[36mTRANSACTION (0.0ms)[0m  [1m[35mBEGIN[0m
  [1m[35m (1.8ms)[0m  [1m[35mCREATE TABLE "client_products" ("client_id" uuid NOT NULL, "brand_product_id" uuid NOT NULL, "state" character varying NOT NULL, "payout_rate" decimal NOT NULL, "ownership_id" uuid NOT NULL PRIMARY KEY)[0m
  [1m[35m (0.4ms)[0m  [1m[35mALTER TABLE "client_products" ADD CONSTRAINT "fk_rails_a1ac32cba3"
FOREIGN KEY ("brand_product_id")
  REFERENCES "brand_product_ownership" ("ownership_id")
[0m
  [1m[35m (0.6ms)[0m  [1m[35mALTER TABLE "client_products" ADD CONSTRAINT "fk_rails_167dcb595a"
FOREIGN KEY ("client_id")
  REFERENCES "user_info" ("user_id")
[0m
  [1m[35m (0.9ms)[0m  [1m[35mCREATE INDEX "index_client_products_on_ownership_id" ON "client_products" USING hash ("ownership_id")[0m
  [1m[36mActiveRecord::SchemaMigration Create (0.1ms)[0m  [1m[32mINSERT INTO "schema_migrations" ("version") VALUES ('20240724190727') RETURNING "version"[0m
  [1m[36mTRANSACTION (0.3ms)[0m  [1m[35mCOMMIT[0m
  [1m[35m (0.1ms)[0m  [1m[34mSELECT pg_advisory_unlock(745793581222496940)[0m
  [1m[36mActiveRecord::SchemaMigration Load (0.0ms)[0m  [1m[34mSELECT "schema_migrations"."version" FROM "schema_migrations" ORDER BY "schema_migrations"."version" ASC[0m
